<?xml version="1.0" encoding="UTF-8"?>
<testng-results ignored="0" total="2" passed="2" failed="0" skipped="0">
  <reporter-output>
  </reporter-output>
  <suite started-at="2024-12-18T11:26:06 IST" name="Default suite" finished-at="2024-12-18T11:26:31 IST" duration-ms="24673">
    <groups>
    </groups>
    <test started-at="2024-12-18T11:26:06 IST" name="Default test" finished-at="2024-12-18T11:26:31 IST" duration-ms="24673">
      <class name="Nscorp.cf6g3.HomepageTest">
        <test-method is-config="true" signature="setup()[pri:0, instance:Nscorp.cf6g3.HomepageTest@38afe297]" started-at="2024-12-18T11:26:06 IST" name="setup" finished-at="2024-12-18T11:26:09 IST" duration-ms="2134" status="PASS">
          <reporter-output>
          </reporter-output>
        </test-method> <!-- setup -->
        <test-method signature="mainTest()[pri:0, instance:Nscorp.cf6g3.HomepageTest@38afe297]" started-at="2024-12-18T11:26:09 IST" name="mainTest" finished-at="2024-12-18T11:26:21 IST" duration-ms="12727" status="PASS">
          <reporter-output>
          </reporter-output>
        </test-method> <!-- mainTest -->
        <test-method signature="mainTest1()[pri:1, instance:Nscorp.cf6g3.HomepageTest@38afe297]" started-at="2024-12-18T11:26:21 IST" name="mainTest1" finished-at="2024-12-18T11:26:31 IST" duration-ms="9158" status="PASS">
          <reporter-output>
          </reporter-output>
        </test-method> <!-- mainTest1 -->
        <test-method is-config="true" signature="flush()[pri:0, instance:Nscorp.cf6g3.HomepageTest@38afe297]" started-at="2024-12-18T11:26:31 IST" name="flush" finished-at="2024-12-18T11:26:31 IST" duration-ms="574" status="PASS">
          <reporter-output>
          </reporter-output>
        </test-method> <!-- flush -->
      </class> <!-- Nscorp.cf6g3.HomepageTest -->
    </test> <!-- Default test -->
  </suite> <!-- Default suite -->
</testng-results>
